2026-03-30 04:07:30,698 - app.services.user - INFO - Login attempt: menardfrancisco
2026-03-30 04:07:30,698 - sqlalchemy.engine.Engine - INFO - BEGIN (implicit)
2026-03-30 04:07:30,701 - sqlalchemy.engine.Engine - INFO - SELECT users.id, users.first_name, users.last_name, users.username, users.email, users.password, users.role, users.is_deleted 
FROM users 
WHERE users.username = $1::VARCHAR AND users.is_deleted IS false
2026-03-30 04:07:30,702 - sqlalchemy.engine.Engine - INFO - [generated in 0.00052s] ('menardfrancisco',)
2026-03-30 04:07:30,780 - app.services.user - INFO - Login successful: menardfrancisco (user_id: bde47f90-d3b5-46ed-8b5b-8992c6cb48c2)
2026-03-30 04:07:30,782 - sqlalchemy.engine.Engine - INFO - COMMIT
2026-03-30 20:16:34,751 - sqlalchemy.engine.Engine - INFO - select pg_catalog.version()
2026-03-30 20:16:34,751 - sqlalchemy.engine.Engine - INFO - [raw sql] ()
2026-03-30 20:16:34,781 - sqlalchemy.engine.Engine - INFO - select current_schema()
2026-03-30 20:16:34,781 - sqlalchemy.engine.Engine - INFO - [raw sql] ()
2026-03-30 20:16:34,803 - sqlalchemy.engine.Engine - INFO - show standard_conforming_strings
2026-03-30 20:16:34,803 - sqlalchemy.engine.Engine - INFO - [raw sql] ()
2026-03-30 20:16:34,811 - sqlalchemy.engine.Engine - INFO - BEGIN (implicit)
2026-03-30 20:16:34,832 - sqlalchemy.engine.Engine - INFO - SELECT pg_catalog.pg_class.relname 
FROM pg_catalog.pg_class JOIN pg_catalog.pg_namespace ON pg_catalog.pg_namespace.oid = pg_catalog.pg_class.relnamespace 
WHERE pg_catalog.pg_class.relname = $1::VARCHAR AND pg_catalog.pg_class.relkind = ANY (ARRAY[$2::VARCHAR, $3::VARCHAR, $4::VARCHAR, $5::VARCHAR, $6::VARCHAR]) AND pg_catalog.pg_table_is_visible(pg_catalog.pg_class.oid) AND pg_catalog.pg_namespace.nspname != $7::VARCHAR
2026-03-30 20:16:34,832 - sqlalchemy.engine.Engine - INFO - [generated in 0.00108s] ('user_deletions', 'r', 'p', 'f', 'v', 'm', 'pg_catalog')
2026-03-30 20:16:34,877 - sqlalchemy.engine.Engine - INFO - SELECT pg_catalog.pg_class.relname 
FROM pg_catalog.pg_class JOIN pg_catalog.pg_namespace ON pg_catalog.pg_namespace.oid = pg_catalog.pg_class.relnamespace 
WHERE pg_catalog.pg_class.relname = $1::VARCHAR AND pg_catalog.pg_class.relkind = ANY (ARRAY[$2::VARCHAR, $3::VARCHAR, $4::VARCHAR, $5::VARCHAR, $6::VARCHAR]) AND pg_catalog.pg_table_is_visible(pg_catalog.pg_class.oid) AND pg_catalog.pg_namespace.nspname != $7::VARCHAR
2026-03-30 20:16:34,879 - sqlalchemy.engine.Engine - INFO - [cached since 0.04633s ago] ('users', 'r', 'p', 'f', 'v', 'm', 'pg_catalog')
2026-03-30 20:16:34,879 - sqlalchemy.engine.Engine - INFO - SELECT pg_catalog.pg_class.relname 
FROM pg_catalog.pg_class JOIN pg_catalog.pg_namespace ON pg_catalog.pg_namespace.oid = pg_catalog.pg_class.relnamespace 
WHERE pg_catalog.pg_class.relname = $1::VARCHAR AND pg_catalog.pg_class.relkind = ANY (ARRAY[$2::VARCHAR, $3::VARCHAR, $4::VARCHAR, $5::VARCHAR, $6::VARCHAR]) AND pg_catalog.pg_table_is_visible(pg_catalog.pg_class.oid) AND pg_catalog.pg_namespace.nspname != $7::VARCHAR
2026-03-30 20:16:34,879 - sqlalchemy.engine.Engine - INFO - [cached since 0.05033s ago] ('posts', 'r', 'p', 'f', 'v', 'm', 'pg_catalog')
2026-03-30 20:16:34,884 - sqlalchemy.engine.Engine - INFO - SELECT pg_catalog.pg_class.relname 
FROM pg_catalog.pg_class JOIN pg_catalog.pg_namespace ON pg_catalog.pg_namespace.oid = pg_catalog.pg_class.relnamespace 
WHERE pg_catalog.pg_class.relname = $1::VARCHAR AND pg_catalog.pg_class.relkind = ANY (ARRAY[$2::VARCHAR, $3::VARCHAR, $4::VARCHAR, $5::VARCHAR, $6::VARCHAR]) AND pg_catalog.pg_table_is_visible(pg_catalog.pg_class.oid) AND pg_catalog.pg_namespace.nspname != $7::VARCHAR
2026-03-30 20:16:34,884 - sqlalchemy.engine.Engine - INFO - [cached since 0.05304s ago] ('comments', 'r', 'p', 'f', 'v', 'm', 'pg_catalog')
2026-03-30 20:16:34,884 - sqlalchemy.engine.Engine - INFO - SELECT pg_catalog.pg_class.relname 
FROM pg_catalog.pg_class JOIN pg_catalog.pg_namespace ON pg_catalog.pg_namespace.oid = pg_catalog.pg_class.relnamespace 
WHERE pg_catalog.pg_class.relname = $1::VARCHAR AND pg_catalog.pg_class.relkind = ANY (ARRAY[$2::VARCHAR, $3::VARCHAR, $4::VARCHAR, $5::VARCHAR, $6::VARCHAR]) AND pg_catalog.pg_table_is_visible(pg_catalog.pg_class.oid) AND pg_catalog.pg_namespace.nspname != $7::VARCHAR
2026-03-30 20:16:34,890 - sqlalchemy.engine.Engine - INFO - [cached since 0.0566s ago] ('refresh_tokens', 'r', 'p', 'f', 'v', 'm', 'pg_catalog')
2026-03-30 20:16:34,893 - sqlalchemy.engine.Engine - INFO - SELECT pg_catalog.pg_class.relname 
FROM pg_catalog.pg_class JOIN pg_catalog.pg_namespace ON pg_catalog.pg_namespace.oid = pg_catalog.pg_class.relnamespace 
WHERE pg_catalog.pg_class.relname = $1::VARCHAR AND pg_catalog.pg_class.relkind = ANY (ARRAY[$2::VARCHAR, $3::VARCHAR, $4::VARCHAR, $5::VARCHAR, $6::VARCHAR]) AND pg_catalog.pg_table_is_visible(pg_catalog.pg_class.oid) AND pg_catalog.pg_namespace.nspname != $7::VARCHAR
2026-03-30 20:16:34,893 - sqlalchemy.engine.Engine - INFO - [cached since 0.06056s ago] ('account_recovery_token', 'r', 'p', 'f', 'v', 'm', 'pg_catalog')
2026-03-30 20:16:34,897 - sqlalchemy.engine.Engine - INFO - COMMIT
2026-03-30 20:16:34,899 - sqlalchemy.engine.Engine - INFO - BEGIN (implicit)
2026-03-30 20:16:34,919 - sqlalchemy.engine.Engine - INFO - SELECT users.id, users.first_name, users.last_name, users.username, users.email, users.password, users.role, users.is_deleted 
FROM users 
WHERE users.role = $1::VARCHAR 
 LIMIT $2::INTEGER
2026-03-30 20:16:34,919 - sqlalchemy.engine.Engine - INFO - [generated in 0.00084s] ('admin', 1)
2026-03-30 20:16:34,939 - sqlalchemy.engine.Engine - INFO - ROLLBACK
2026-03-30 20:16:35,842 - arq.connections - WARNING - redis connection error selected-filly-88107.upstash.io:6379 ConnectionError Connection closed by server., 5 retries remaining...
2026-03-30 20:16:36,938 - arq.connections - WARNING - redis connection error selected-filly-88107.upstash.io:6379 ConnectionError Connection closed by server., 4 retries remaining...
2026-03-30 20:16:38,010 - arq.connections - WARNING - redis connection error selected-filly-88107.upstash.io:6379 ConnectionError Connection closed by server., 3 retries remaining...
2026-03-30 20:16:39,211 - arq.connections - WARNING - redis connection error selected-filly-88107.upstash.io:6379 ConnectionError Connection closed by server., 2 retries remaining...
2026-03-30 20:16:40,279 - arq.connections - WARNING - redis connection error selected-filly-88107.upstash.io:6379 ConnectionError Connection closed by server., 1 retries remaining...
2026-03-30 20:27:02,372 - sqlalchemy.engine.Engine - INFO - select pg_catalog.version()
2026-03-30 20:27:02,374 - sqlalchemy.engine.Engine - INFO - [raw sql] ()
2026-03-30 20:27:02,395 - sqlalchemy.engine.Engine - INFO - select current_schema()
2026-03-30 20:27:02,395 - sqlalchemy.engine.Engine - INFO - [raw sql] ()
2026-03-30 20:27:02,403 - sqlalchemy.engine.Engine - INFO - show standard_conforming_strings
2026-03-30 20:27:02,404 - sqlalchemy.engine.Engine - INFO - [raw sql] ()
2026-03-30 20:27:02,409 - sqlalchemy.engine.Engine - INFO - BEGIN (implicit)
2026-03-30 20:27:02,423 - sqlalchemy.engine.Engine - INFO - SELECT pg_catalog.pg_class.relname 
FROM pg_catalog.pg_class JOIN pg_catalog.pg_namespace ON pg_catalog.pg_namespace.oid = pg_catalog.pg_class.relnamespace 
WHERE pg_catalog.pg_class.relname = $1::VARCHAR AND pg_catalog.pg_class.relkind = ANY (ARRAY[$2::VARCHAR, $3::VARCHAR, $4::VARCHAR, $5::VARCHAR, $6::VARCHAR]) AND pg_catalog.pg_table_is_visible(pg_catalog.pg_class.oid) AND pg_catalog.pg_namespace.nspname != $7::VARCHAR
2026-03-30 20:27:02,424 - sqlalchemy.engine.Engine - INFO - [generated in 0.00060s] ('user_deletions', 'r', 'p', 'f', 'v', 'm', 'pg_catalog')
2026-03-30 20:27:02,439 - sqlalchemy.engine.Engine - INFO - SELECT pg_catalog.pg_class.relname 
FROM pg_catalog.pg_class JOIN pg_catalog.pg_namespace ON pg_catalog.pg_namespace.oid = pg_catalog.pg_class.relnamespace 
WHERE pg_catalog.pg_class.relname = $1::VARCHAR AND pg_catalog.pg_class.relkind = ANY (ARRAY[$2::VARCHAR, $3::VARCHAR, $4::VARCHAR, $5::VARCHAR, $6::VARCHAR]) AND pg_catalog.pg_table_is_visible(pg_catalog.pg_class.oid) AND pg_catalog.pg_namespace.nspname != $7::VARCHAR
2026-03-30 20:27:02,440 - sqlalchemy.engine.Engine - INFO - [cached since 0.01654s ago] ('users', 'r', 'p', 'f', 'v', 'm', 'pg_catalog')
2026-03-30 20:27:02,443 - sqlalchemy.engine.Engine - INFO - SELECT pg_catalog.pg_class.relname 
FROM pg_catalog.pg_class JOIN pg_catalog.pg_namespace ON pg_catalog.pg_namespace.oid = pg_catalog.pg_class.relnamespace 
WHERE pg_catalog.pg_class.relname = $1::VARCHAR AND pg_catalog.pg_class.relkind = ANY (ARRAY[$2::VARCHAR, $3::VARCHAR, $4::VARCHAR, $5::VARCHAR, $6::VARCHAR]) AND pg_catalog.pg_table_is_visible(pg_catalog.pg_class.oid) AND pg_catalog.pg_namespace.nspname != $7::VARCHAR
2026-03-30 20:27:02,443 - sqlalchemy.engine.Engine - INFO - [cached since 0.01989s ago] ('posts', 'r', 'p', 'f', 'v', 'm', 'pg_catalog')
2026-03-30 20:27:02,446 - sqlalchemy.engine.Engine - INFO - SELECT pg_catalog.pg_class.relname 
FROM pg_catalog.pg_class JOIN pg_catalog.pg_namespace ON pg_catalog.pg_namespace.oid = pg_catalog.pg_class.relnamespace 
WHERE pg_catalog.pg_class.relname = $1::VARCHAR AND pg_catalog.pg_class.relkind = ANY (ARRAY[$2::VARCHAR, $3::VARCHAR, $4::VARCHAR, $5::VARCHAR, $6::VARCHAR]) AND pg_catalog.pg_table_is_visible(pg_catalog.pg_class.oid) AND pg_catalog.pg_namespace.nspname != $7::VARCHAR
2026-03-30 20:27:02,447 - sqlalchemy.engine.Engine - INFO - [cached since 0.02369s ago] ('comments', 'r', 'p', 'f', 'v', 'm', 'pg_catalog')
2026-03-30 20:27:02,450 - sqlalchemy.engine.Engine - INFO - SELECT pg_catalog.pg_class.relname 
FROM pg_catalog.pg_class JOIN pg_catalog.pg_namespace ON pg_catalog.pg_namespace.oid = pg_catalog.pg_class.relnamespace 
WHERE pg_catalog.pg_class.relname = $1::VARCHAR AND pg_catalog.pg_class.relkind = ANY (ARRAY[$2::VARCHAR, $3::VARCHAR, $4::VARCHAR, $5::VARCHAR, $6::VARCHAR]) AND pg_catalog.pg_table_is_visible(pg_catalog.pg_class.oid) AND pg_catalog.pg_namespace.nspname != $7::VARCHAR
2026-03-30 20:27:02,450 - sqlalchemy.engine.Engine - INFO - [cached since 0.02724s ago] ('refresh_tokens', 'r', 'p', 'f', 'v', 'm', 'pg_catalog')
2026-03-30 20:27:02,453 - sqlalchemy.engine.Engine - INFO - SELECT pg_catalog.pg_class.relname 
FROM pg_catalog.pg_class JOIN pg_catalog.pg_namespace ON pg_catalog.pg_namespace.oid = pg_catalog.pg_class.relnamespace 
WHERE pg_catalog.pg_class.relname = $1::VARCHAR AND pg_catalog.pg_class.relkind = ANY (ARRAY[$2::VARCHAR, $3::VARCHAR, $4::VARCHAR, $5::VARCHAR, $6::VARCHAR]) AND pg_catalog.pg_table_is_visible(pg_catalog.pg_class.oid) AND pg_catalog.pg_namespace.nspname != $7::VARCHAR
2026-03-30 20:27:02,454 - sqlalchemy.engine.Engine - INFO - [cached since 0.03041s ago] ('account_recovery_token', 'r', 'p', 'f', 'v', 'm', 'pg_catalog')
2026-03-30 20:27:02,456 - sqlalchemy.engine.Engine - INFO - COMMIT
2026-03-30 20:27:02,460 - sqlalchemy.engine.Engine - INFO - BEGIN (implicit)
2026-03-30 20:27:02,486 - sqlalchemy.engine.Engine - INFO - SELECT users.id, users.first_name, users.last_name, users.username, users.email, users.password, users.role, users.is_deleted 
FROM users 
WHERE users.role = $1::VARCHAR 
 LIMIT $2::INTEGER
2026-03-30 20:27:02,488 - sqlalchemy.engine.Engine - INFO - [generated in 0.00156s] ('admin', 1)
2026-03-30 20:27:02,496 - sqlalchemy.engine.Engine - INFO - ROLLBACK
2026-03-30 20:27:02,640 - app.config.set_main - INFO - Redis connected (Upstash REST)
2026-03-30 20:27:15,666 - sqlalchemy.engine.Engine - INFO - select pg_catalog.version()
2026-03-30 20:27:15,666 - sqlalchemy.engine.Engine - INFO - [raw sql] ()
2026-03-30 20:27:15,670 - sqlalchemy.engine.Engine - INFO - select current_schema()
2026-03-30 20:27:15,670 - sqlalchemy.engine.Engine - INFO - [raw sql] ()
2026-03-30 20:27:15,680 - sqlalchemy.engine.Engine - INFO - show standard_conforming_strings
2026-03-30 20:27:15,681 - sqlalchemy.engine.Engine - INFO - [raw sql] ()
2026-03-30 20:27:15,689 - sqlalchemy.engine.Engine - INFO - BEGIN (implicit)
2026-03-30 20:27:15,708 - sqlalchemy.engine.Engine - INFO - SELECT pg_catalog.pg_class.relname 
FROM pg_catalog.pg_class JOIN pg_catalog.pg_namespace ON pg_catalog.pg_namespace.oid = pg_catalog.pg_class.relnamespace 
WHERE pg_catalog.pg_class.relname = $1::VARCHAR AND pg_catalog.pg_class.relkind = ANY (ARRAY[$2::VARCHAR, $3::VARCHAR, $4::VARCHAR, $5::VARCHAR, $6::VARCHAR]) AND pg_catalog.pg_table_is_visible(pg_catalog.pg_class.oid) AND pg_catalog.pg_namespace.nspname != $7::VARCHAR
2026-03-30 20:27:15,708 - sqlalchemy.engine.Engine - INFO - [generated in 0.00078s] ('user_deletions', 'r', 'p', 'f', 'v', 'm', 'pg_catalog')
2026-03-30 20:27:15,714 - sqlalchemy.engine.Engine - INFO - SELECT pg_catalog.pg_class.relname 
FROM pg_catalog.pg_class JOIN pg_catalog.pg_namespace ON pg_catalog.pg_namespace.oid = pg_catalog.pg_class.relnamespace 
WHERE pg_catalog.pg_class.relname = $1::VARCHAR AND pg_catalog.pg_class.relkind = ANY (ARRAY[$2::VARCHAR, $3::VARCHAR, $4::VARCHAR, $5::VARCHAR, $6::VARCHAR]) AND pg_catalog.pg_table_is_visible(pg_catalog.pg_class.oid) AND pg_catalog.pg_namespace.nspname != $7::VARCHAR
2026-03-30 20:27:15,714 - sqlalchemy.engine.Engine - INFO - [cached since 0.008595s ago] ('users', 'r', 'p', 'f', 'v', 'm', 'pg_catalog')
2026-03-30 20:27:15,719 - sqlalchemy.engine.Engine - INFO - SELECT pg_catalog.pg_class.relname 
FROM pg_catalog.pg_class JOIN pg_catalog.pg_namespace ON pg_catalog.pg_namespace.oid = pg_catalog.pg_class.relnamespace 
WHERE pg_catalog.pg_class.relname = $1::VARCHAR AND pg_catalog.pg_class.relkind = ANY (ARRAY[$2::VARCHAR, $3::VARCHAR, $4::VARCHAR, $5::VARCHAR, $6::VARCHAR]) AND pg_catalog.pg_table_is_visible(pg_catalog.pg_class.oid) AND pg_catalog.pg_namespace.nspname != $7::VARCHAR
2026-03-30 20:27:15,719 - sqlalchemy.engine.Engine - INFO - [cached since 0.01183s ago] ('posts', 'r', 'p', 'f', 'v', 'm', 'pg_catalog')
2026-03-30 20:27:15,722 - sqlalchemy.engine.Engine - INFO - SELECT pg_catalog.pg_class.relname 
FROM pg_catalog.pg_class JOIN pg_catalog.pg_namespace ON pg_catalog.pg_namespace.oid = pg_catalog.pg_class.relnamespace 
WHERE pg_catalog.pg_class.relname = $1::VARCHAR AND pg_catalog.pg_class.relkind = ANY (ARRAY[$2::VARCHAR, $3::VARCHAR, $4::VARCHAR, $5::VARCHAR, $6::VARCHAR]) AND pg_catalog.pg_table_is_visible(pg_catalog.pg_class.oid) AND pg_catalog.pg_namespace.nspname != $7::VARCHAR
2026-03-30 20:27:15,722 - sqlalchemy.engine.Engine - INFO - [cached since 0.01445s ago] ('comments', 'r', 'p', 'f', 'v', 'm', 'pg_catalog')
2026-03-30 20:27:15,723 - sqlalchemy.engine.Engine - INFO - SELECT pg_catalog.pg_class.relname 
FROM pg_catalog.pg_class JOIN pg_catalog.pg_namespace ON pg_catalog.pg_namespace.oid = pg_catalog.pg_class.relnamespace 
WHERE pg_catalog.pg_class.relname = $1::VARCHAR AND pg_catalog.pg_class.relkind = ANY (ARRAY[$2::VARCHAR, $3::VARCHAR, $4::VARCHAR, $5::VARCHAR, $6::VARCHAR]) AND pg_catalog.pg_table_is_visible(pg_catalog.pg_class.oid) AND pg_catalog.pg_namespace.nspname != $7::VARCHAR
2026-03-30 20:27:15,726 - sqlalchemy.engine.Engine - INFO - [cached since 0.01848s ago] ('refresh_tokens', 'r', 'p', 'f', 'v', 'm', 'pg_catalog')
2026-03-30 20:27:15,729 - sqlalchemy.engine.Engine - INFO - SELECT pg_catalog.pg_class.relname 
FROM pg_catalog.pg_class JOIN pg_catalog.pg_namespace ON pg_catalog.pg_namespace.oid = pg_catalog.pg_class.relnamespace 
WHERE pg_catalog.pg_class.relname = $1::VARCHAR AND pg_catalog.pg_class.relkind = ANY (ARRAY[$2::VARCHAR, $3::VARCHAR, $4::VARCHAR, $5::VARCHAR, $6::VARCHAR]) AND pg_catalog.pg_table_is_visible(pg_catalog.pg_class.oid) AND pg_catalog.pg_namespace.nspname != $7::VARCHAR
2026-03-30 20:27:15,730 - sqlalchemy.engine.Engine - INFO - [cached since 0.02236s ago] ('account_recovery_token', 'r', 'p', 'f', 'v', 'm', 'pg_catalog')
2026-03-30 20:27:15,731 - sqlalchemy.engine.Engine - INFO - COMMIT
2026-03-30 20:27:15,739 - sqlalchemy.engine.Engine - INFO - BEGIN (implicit)
2026-03-30 20:27:15,754 - sqlalchemy.engine.Engine - INFO - SELECT users.id, users.first_name, users.last_name, users.username, users.email, users.password, users.role, users.is_deleted 
FROM users 
WHERE users.role = $1::VARCHAR 
 LIMIT $2::INTEGER
2026-03-30 20:27:15,759 - sqlalchemy.engine.Engine - INFO - [generated in 0.00098s] ('admin', 1)
2026-03-30 20:27:15,766 - sqlalchemy.engine.Engine - INFO - ROLLBACK
2026-03-30 20:27:15,832 - app.config.set_main - INFO - Redis connected (Upstash REST)
2026-03-30 20:28:24,565 - sqlalchemy.engine.Engine - INFO - select pg_catalog.version()
2026-03-30 20:28:24,575 - sqlalchemy.engine.Engine - INFO - [raw sql] ()
2026-03-30 20:28:24,595 - sqlalchemy.engine.Engine - INFO - select current_schema()
2026-03-30 20:28:24,596 - sqlalchemy.engine.Engine - INFO - [raw sql] ()
2026-03-30 20:28:24,608 - sqlalchemy.engine.Engine - INFO - show standard_conforming_strings
2026-03-30 20:28:24,609 - sqlalchemy.engine.Engine - INFO - [raw sql] ()
2026-03-30 20:28:24,617 - sqlalchemy.engine.Engine - INFO - BEGIN (implicit)
2026-03-30 20:28:24,652 - sqlalchemy.engine.Engine - INFO - SELECT pg_catalog.pg_class.relname 
FROM pg_catalog.pg_class JOIN pg_catalog.pg_namespace ON pg_catalog.pg_namespace.oid = pg_catalog.pg_class.relnamespace 
WHERE pg_catalog.pg_class.relname = $1::VARCHAR AND pg_catalog.pg_class.relkind = ANY (ARRAY[$2::VARCHAR, $3::VARCHAR, $4::VARCHAR, $5::VARCHAR, $6::VARCHAR]) AND pg_catalog.pg_table_is_visible(pg_catalog.pg_class.oid) AND pg_catalog.pg_namespace.nspname != $7::VARCHAR
2026-03-30 20:28:24,654 - sqlalchemy.engine.Engine - INFO - [generated in 0.00388s] ('user_deletions', 'r', 'p', 'f', 'v', 'm', 'pg_catalog')
2026-03-30 20:28:24,673 - sqlalchemy.engine.Engine - INFO - SELECT pg_catalog.pg_class.relname 
FROM pg_catalog.pg_class JOIN pg_catalog.pg_namespace ON pg_catalog.pg_namespace.oid = pg_catalog.pg_class.relnamespace 
WHERE pg_catalog.pg_class.relname = $1::VARCHAR AND pg_catalog.pg_class.relkind = ANY (ARRAY[$2::VARCHAR, $3::VARCHAR, $4::VARCHAR, $5::VARCHAR, $6::VARCHAR]) AND pg_catalog.pg_table_is_visible(pg_catalog.pg_class.oid) AND pg_catalog.pg_namespace.nspname != $7::VARCHAR
2026-03-30 20:28:24,675 - sqlalchemy.engine.Engine - INFO - [cached since 0.02453s ago] ('users', 'r', 'p', 'f', 'v', 'm', 'pg_catalog')
2026-03-30 20:28:24,680 - sqlalchemy.engine.Engine - INFO - SELECT pg_catalog.pg_class.relname 
FROM pg_catalog.pg_class JOIN pg_catalog.pg_namespace ON pg_catalog.pg_namespace.oid = pg_catalog.pg_class.relnamespace 
WHERE pg_catalog.pg_class.relname = $1::VARCHAR AND pg_catalog.pg_class.relkind = ANY (ARRAY[$2::VARCHAR, $3::VARCHAR, $4::VARCHAR, $5::VARCHAR, $6::VARCHAR]) AND pg_catalog.pg_table_is_visible(pg_catalog.pg_class.oid) AND pg_catalog.pg_namespace.nspname != $7::VARCHAR
2026-03-30 20:28:24,683 - sqlalchemy.engine.Engine - INFO - [cached since 0.03177s ago] ('posts', 'r', 'p', 'f', 'v', 'm', 'pg_catalog')
2026-03-30 20:28:24,690 - sqlalchemy.engine.Engine - INFO - SELECT pg_catalog.pg_class.relname 
FROM pg_catalog.pg_class JOIN pg_catalog.pg_namespace ON pg_catalog.pg_namespace.oid = pg_catalog.pg_class.relnamespace 
WHERE pg_catalog.pg_class.relname = $1::VARCHAR AND pg_catalog.pg_class.relkind = ANY (ARRAY[$2::VARCHAR, $3::VARCHAR, $4::VARCHAR, $5::VARCHAR, $6::VARCHAR]) AND pg_catalog.pg_table_is_visible(pg_catalog.pg_class.oid) AND pg_catalog.pg_namespace.nspname != $7::VARCHAR
2026-03-30 20:28:24,693 - sqlalchemy.engine.Engine - INFO - [cached since 0.04163s ago] ('comments', 'r', 'p', 'f', 'v', 'm', 'pg_catalog')
2026-03-30 20:28:24,698 - sqlalchemy.engine.Engine - INFO - SELECT pg_catalog.pg_class.relname 
FROM pg_catalog.pg_class JOIN pg_catalog.pg_namespace ON pg_catalog.pg_namespace.oid = pg_catalog.pg_class.relnamespace 
WHERE pg_catalog.pg_class.relname = $1::VARCHAR AND pg_catalog.pg_class.relkind = ANY (ARRAY[$2::VARCHAR, $3::VARCHAR, $4::VARCHAR, $5::VARCHAR, $6::VARCHAR]) AND pg_catalog.pg_table_is_visible(pg_catalog.pg_class.oid) AND pg_catalog.pg_namespace.nspname != $7::VARCHAR
2026-03-30 20:28:24,701 - sqlalchemy.engine.Engine - INFO - [cached since 0.04916s ago] ('refresh_tokens', 'r', 'p', 'f', 'v', 'm', 'pg_catalog')
2026-03-30 20:28:24,705 - sqlalchemy.engine.Engine - INFO - SELECT pg_catalog.pg_class.relname 
FROM pg_catalog.pg_class JOIN pg_catalog.pg_namespace ON pg_catalog.pg_namespace.oid = pg_catalog.pg_class.relnamespace 
WHERE pg_catalog.pg_class.relname = $1::VARCHAR AND pg_catalog.pg_class.relkind = ANY (ARRAY[$2::VARCHAR, $3::VARCHAR, $4::VARCHAR, $5::VARCHAR, $6::VARCHAR]) AND pg_catalog.pg_table_is_visible(pg_catalog.pg_class.oid) AND pg_catalog.pg_namespace.nspname != $7::VARCHAR
2026-03-30 20:28:24,705 - sqlalchemy.engine.Engine - INFO - [cached since 0.05577s ago] ('account_recovery_token', 'r', 'p', 'f', 'v', 'm', 'pg_catalog')
2026-03-30 20:28:24,721 - sqlalchemy.engine.Engine - INFO - COMMIT
2026-03-30 20:28:24,726 - sqlalchemy.engine.Engine - INFO - BEGIN (implicit)
2026-03-30 20:28:24,875 - sqlalchemy.engine.Engine - INFO - SELECT users.id, users.first_name, users.last_name, users.username, users.email, users.password, users.role, users.is_deleted 
FROM users 
WHERE users.role = $1::VARCHAR 
 LIMIT $2::INTEGER
2026-03-30 20:28:24,896 - sqlalchemy.engine.Engine - INFO - [generated in 0.02126s] ('admin', 1)
2026-03-30 20:28:24,933 - sqlalchemy.engine.Engine - INFO - ROLLBACK
2026-03-30 20:28:25,136 - app.config.set_main - INFO - Redis connected (Upstash REST)
2026-03-30 20:29:18,805 - sqlalchemy.engine.Engine - INFO - select pg_catalog.version()
2026-03-30 20:29:18,805 - sqlalchemy.engine.Engine - INFO - [raw sql] ()
2026-03-30 20:29:18,818 - sqlalchemy.engine.Engine - INFO - select current_schema()
2026-03-30 20:29:18,819 - sqlalchemy.engine.Engine - INFO - [raw sql] ()
2026-03-30 20:29:18,825 - sqlalchemy.engine.Engine - INFO - show standard_conforming_strings
2026-03-30 20:29:18,825 - sqlalchemy.engine.Engine - INFO - [raw sql] ()
2026-03-30 20:29:18,829 - sqlalchemy.engine.Engine - INFO - BEGIN (implicit)
2026-03-30 20:29:18,840 - sqlalchemy.engine.Engine - INFO - SELECT pg_catalog.pg_class.relname 
FROM pg_catalog.pg_class JOIN pg_catalog.pg_namespace ON pg_catalog.pg_namespace.oid = pg_catalog.pg_class.relnamespace 
WHERE pg_catalog.pg_class.relname = $1::VARCHAR AND pg_catalog.pg_class.relkind = ANY (ARRAY[$2::VARCHAR, $3::VARCHAR, $4::VARCHAR, $5::VARCHAR, $6::VARCHAR]) AND pg_catalog.pg_table_is_visible(pg_catalog.pg_class.oid) AND pg_catalog.pg_namespace.nspname != $7::VARCHAR
2026-03-30 20:29:18,840 - sqlalchemy.engine.Engine - INFO - [generated in 0.00068s] ('user_deletions', 'r', 'p', 'f', 'v', 'm', 'pg_catalog')
2026-03-30 20:29:18,850 - sqlalchemy.engine.Engine - INFO - SELECT pg_catalog.pg_class.relname 
FROM pg_catalog.pg_class JOIN pg_catalog.pg_namespace ON pg_catalog.pg_namespace.oid = pg_catalog.pg_class.relnamespace 
WHERE pg_catalog.pg_class.relname = $1::VARCHAR AND pg_catalog.pg_class.relkind = ANY (ARRAY[$2::VARCHAR, $3::VARCHAR, $4::VARCHAR, $5::VARCHAR, $6::VARCHAR]) AND pg_catalog.pg_table_is_visible(pg_catalog.pg_class.oid) AND pg_catalog.pg_namespace.nspname != $7::VARCHAR
2026-03-30 20:29:18,850 - sqlalchemy.engine.Engine - INFO - [cached since 0.007809s ago] ('users', 'r', 'p', 'f', 'v', 'm', 'pg_catalog')
2026-03-30 20:29:18,853 - sqlalchemy.engine.Engine - INFO - SELECT pg_catalog.pg_class.relname 
FROM pg_catalog.pg_class JOIN pg_catalog.pg_namespace ON pg_catalog.pg_namespace.oid = pg_catalog.pg_class.relnamespace 
WHERE pg_catalog.pg_class.relname = $1::VARCHAR AND pg_catalog.pg_class.relkind = ANY (ARRAY[$2::VARCHAR, $3::VARCHAR, $4::VARCHAR, $5::VARCHAR, $6::VARCHAR]) AND pg_catalog.pg_table_is_visible(pg_catalog.pg_class.oid) AND pg_catalog.pg_namespace.nspname != $7::VARCHAR
2026-03-30 20:29:18,854 - sqlalchemy.engine.Engine - INFO - [cached since 0.01113s ago] ('posts', 'r', 'p', 'f', 'v', 'm', 'pg_catalog')
2026-03-30 20:29:18,856 - sqlalchemy.engine.Engine - INFO - SELECT pg_catalog.pg_class.relname 
FROM pg_catalog.pg_class JOIN pg_catalog.pg_namespace ON pg_catalog.pg_namespace.oid = pg_catalog.pg_class.relnamespace 
WHERE pg_catalog.pg_class.relname = $1::VARCHAR AND pg_catalog.pg_class.relkind = ANY (ARRAY[$2::VARCHAR, $3::VARCHAR, $4::VARCHAR, $5::VARCHAR, $6::VARCHAR]) AND pg_catalog.pg_table_is_visible(pg_catalog.pg_class.oid) AND pg_catalog.pg_namespace.nspname != $7::VARCHAR
2026-03-30 20:29:18,857 - sqlalchemy.engine.Engine - INFO - [cached since 0.01477s ago] ('comments', 'r', 'p', 'f', 'v', 'm', 'pg_catalog')
2026-03-30 20:29:18,862 - sqlalchemy.engine.Engine - INFO - SELECT pg_catalog.pg_class.relname 
FROM pg_catalog.pg_class JOIN pg_catalog.pg_namespace ON pg_catalog.pg_namespace.oid = pg_catalog.pg_class.relnamespace 
WHERE pg_catalog.pg_class.relname = $1::VARCHAR AND pg_catalog.pg_class.relkind = ANY (ARRAY[$2::VARCHAR, $3::VARCHAR, $4::VARCHAR, $5::VARCHAR, $6::VARCHAR]) AND pg_catalog.pg_table_is_visible(pg_catalog.pg_class.oid) AND pg_catalog.pg_namespace.nspname != $7::VARCHAR
2026-03-30 20:29:18,862 - sqlalchemy.engine.Engine - INFO - [cached since 0.01986s ago] ('refresh_tokens', 'r', 'p', 'f', 'v', 'm', 'pg_catalog')
2026-03-30 20:29:18,864 - sqlalchemy.engine.Engine - INFO - SELECT pg_catalog.pg_class.relname 
FROM pg_catalog.pg_class JOIN pg_catalog.pg_namespace ON pg_catalog.pg_namespace.oid = pg_catalog.pg_class.relnamespace 
WHERE pg_catalog.pg_class.relname = $1::VARCHAR AND pg_catalog.pg_class.relkind = ANY (ARRAY[$2::VARCHAR, $3::VARCHAR, $4::VARCHAR, $5::VARCHAR, $6::VARCHAR]) AND pg_catalog.pg_table_is_visible(pg_catalog.pg_class.oid) AND pg_catalog.pg_namespace.nspname != $7::VARCHAR
2026-03-30 20:29:18,864 - sqlalchemy.engine.Engine - INFO - [cached since 0.02245s ago] ('account_recovery_token', 'r', 'p', 'f', 'v', 'm', 'pg_catalog')
2026-03-30 20:29:18,868 - sqlalchemy.engine.Engine - INFO - COMMIT
2026-03-30 20:29:18,871 - sqlalchemy.engine.Engine - INFO - BEGIN (implicit)
2026-03-30 20:29:18,887 - sqlalchemy.engine.Engine - INFO - SELECT users.id, users.first_name, users.last_name, users.username, users.email, users.password, users.role, users.is_deleted 
FROM users 
WHERE users.role = $1::VARCHAR 
 LIMIT $2::INTEGER
2026-03-30 20:29:18,888 - sqlalchemy.engine.Engine - INFO - [generated in 0.00068s] ('admin', 1)
2026-03-30 20:29:18,893 - sqlalchemy.engine.Engine - INFO - ROLLBACK
2026-03-30 20:29:18,964 - app.config.set_main - INFO - Redis connected (Upstash REST)
2026-03-30 20:29:46,556 - sqlalchemy.engine.Engine - INFO - select pg_catalog.version()
2026-03-30 20:29:46,556 - sqlalchemy.engine.Engine - INFO - [raw sql] ()
2026-03-30 20:29:46,569 - sqlalchemy.engine.Engine - INFO - select current_schema()
2026-03-30 20:29:46,575 - sqlalchemy.engine.Engine - INFO - [raw sql] ()
2026-03-30 20:29:46,583 - sqlalchemy.engine.Engine - INFO - show standard_conforming_strings
2026-03-30 20:29:46,583 - sqlalchemy.engine.Engine - INFO - [raw sql] ()
2026-03-30 20:29:46,593 - sqlalchemy.engine.Engine - INFO - BEGIN (implicit)
2026-03-30 20:29:46,605 - sqlalchemy.engine.Engine - INFO - SELECT pg_catalog.pg_class.relname 
FROM pg_catalog.pg_class JOIN pg_catalog.pg_namespace ON pg_catalog.pg_namespace.oid = pg_catalog.pg_class.relnamespace 
WHERE pg_catalog.pg_class.relname = $1::VARCHAR AND pg_catalog.pg_class.relkind = ANY (ARRAY[$2::VARCHAR, $3::VARCHAR, $4::VARCHAR, $5::VARCHAR, $6::VARCHAR]) AND pg_catalog.pg_table_is_visible(pg_catalog.pg_class.oid) AND pg_catalog.pg_namespace.nspname != $7::VARCHAR
2026-03-30 20:29:46,607 - sqlalchemy.engine.Engine - INFO - [generated in 0.00076s] ('user_deletions', 'r', 'p', 'f', 'v', 'm', 'pg_catalog')
2026-03-30 20:29:46,621 - sqlalchemy.engine.Engine - INFO - SELECT pg_catalog.pg_class.relname 
FROM pg_catalog.pg_class JOIN pg_catalog.pg_namespace ON pg_catalog.pg_namespace.oid = pg_catalog.pg_class.relnamespace 
WHERE pg_catalog.pg_class.relname = $1::VARCHAR AND pg_catalog.pg_class.relkind = ANY (ARRAY[$2::VARCHAR, $3::VARCHAR, $4::VARCHAR, $5::VARCHAR, $6::VARCHAR]) AND pg_catalog.pg_table_is_visible(pg_catalog.pg_class.oid) AND pg_catalog.pg_namespace.nspname != $7::VARCHAR
2026-03-30 20:29:46,622 - sqlalchemy.engine.Engine - INFO - [cached since 0.01545s ago] ('users', 'r', 'p', 'f', 'v', 'm', 'pg_catalog')
2026-03-30 20:29:46,624 - sqlalchemy.engine.Engine - INFO - SELECT pg_catalog.pg_class.relname 
FROM pg_catalog.pg_class JOIN pg_catalog.pg_namespace ON pg_catalog.pg_namespace.oid = pg_catalog.pg_class.relnamespace 
WHERE pg_catalog.pg_class.relname = $1::VARCHAR AND pg_catalog.pg_class.relkind = ANY (ARRAY[$2::VARCHAR, $3::VARCHAR, $4::VARCHAR, $5::VARCHAR, $6::VARCHAR]) AND pg_catalog.pg_table_is_visible(pg_catalog.pg_class.oid) AND pg_catalog.pg_namespace.nspname != $7::VARCHAR
2026-03-30 20:29:46,625 - sqlalchemy.engine.Engine - INFO - [cached since 0.0186s ago] ('posts', 'r', 'p', 'f', 'v', 'm', 'pg_catalog')
2026-03-30 20:29:46,628 - sqlalchemy.engine.Engine - INFO - SELECT pg_catalog.pg_class.relname 
FROM pg_catalog.pg_class JOIN pg_catalog.pg_namespace ON pg_catalog.pg_namespace.oid = pg_catalog.pg_class.relnamespace 
WHERE pg_catalog.pg_class.relname = $1::VARCHAR AND pg_catalog.pg_class.relkind = ANY (ARRAY[$2::VARCHAR, $3::VARCHAR, $4::VARCHAR, $5::VARCHAR, $6::VARCHAR]) AND pg_catalog.pg_table_is_visible(pg_catalog.pg_class.oid) AND pg_catalog.pg_namespace.nspname != $7::VARCHAR
2026-03-30 20:29:46,628 - sqlalchemy.engine.Engine - INFO - [cached since 0.02199s ago] ('comments', 'r', 'p', 'f', 'v', 'm', 'pg_catalog')
2026-03-30 20:29:46,631 - sqlalchemy.engine.Engine - INFO - SELECT pg_catalog.pg_class.relname 
FROM pg_catalog.pg_class JOIN pg_catalog.pg_namespace ON pg_catalog.pg_namespace.oid = pg_catalog.pg_class.relnamespace 
WHERE pg_catalog.pg_class.relname = $1::VARCHAR AND pg_catalog.pg_class.relkind = ANY (ARRAY[$2::VARCHAR, $3::VARCHAR, $4::VARCHAR, $5::VARCHAR, $6::VARCHAR]) AND pg_catalog.pg_table_is_visible(pg_catalog.pg_class.oid) AND pg_catalog.pg_namespace.nspname != $7::VARCHAR
2026-03-30 20:29:46,631 - sqlalchemy.engine.Engine - INFO - [cached since 0.02559s ago] ('refresh_tokens', 'r', 'p', 'f', 'v', 'm', 'pg_catalog')
2026-03-30 20:29:46,635 - sqlalchemy.engine.Engine - INFO - SELECT pg_catalog.pg_class.relname 
FROM pg_catalog.pg_class JOIN pg_catalog.pg_namespace ON pg_catalog.pg_namespace.oid = pg_catalog.pg_class.relnamespace 
WHERE pg_catalog.pg_class.relname = $1::VARCHAR AND pg_catalog.pg_class.relkind = ANY (ARRAY[$2::VARCHAR, $3::VARCHAR, $4::VARCHAR, $5::VARCHAR, $6::VARCHAR]) AND pg_catalog.pg_table_is_visible(pg_catalog.pg_class.oid) AND pg_catalog.pg_namespace.nspname != $7::VARCHAR
2026-03-30 20:29:46,635 - sqlalchemy.engine.Engine - INFO - [cached since 0.02885s ago] ('account_recovery_token', 'r', 'p', 'f', 'v', 'm', 'pg_catalog')
2026-03-30 20:29:46,639 - sqlalchemy.engine.Engine - INFO - COMMIT
2026-03-30 20:29:46,639 - sqlalchemy.engine.Engine - INFO - BEGIN (implicit)
2026-03-30 20:29:46,660 - sqlalchemy.engine.Engine - INFO - SELECT users.id, users.first_name, users.last_name, users.username, users.email, users.password, users.role, users.is_deleted 
FROM users 
WHERE users.role = $1::VARCHAR 
 LIMIT $2::INTEGER
2026-03-30 20:29:46,660 - sqlalchemy.engine.Engine - INFO - [generated in 0.00067s] ('admin', 1)
2026-03-30 20:29:46,667 - sqlalchemy.engine.Engine - INFO - ROLLBACK
2026-03-30 20:29:46,737 - app.config.set_main - INFO - Redis connected (Upstash REST)
2026-03-30 20:29:49,544 - sqlalchemy.engine.Engine - INFO - select pg_catalog.version()
2026-03-30 20:29:49,546 - sqlalchemy.engine.Engine - INFO - [raw sql] ()
2026-03-30 20:29:49,552 - sqlalchemy.engine.Engine - INFO - select current_schema()
2026-03-30 20:29:49,553 - sqlalchemy.engine.Engine - INFO - [raw sql] ()
2026-03-30 20:29:49,560 - sqlalchemy.engine.Engine - INFO - show standard_conforming_strings
2026-03-30 20:29:49,560 - sqlalchemy.engine.Engine - INFO - [raw sql] ()
2026-03-30 20:29:49,566 - sqlalchemy.engine.Engine - INFO - BEGIN (implicit)
2026-03-30 20:29:49,586 - sqlalchemy.engine.Engine - INFO - SELECT pg_catalog.pg_class.relname 
FROM pg_catalog.pg_class JOIN pg_catalog.pg_namespace ON pg_catalog.pg_namespace.oid = pg_catalog.pg_class.relnamespace 
WHERE pg_catalog.pg_class.relname = $1::VARCHAR AND pg_catalog.pg_class.relkind = ANY (ARRAY[$2::VARCHAR, $3::VARCHAR, $4::VARCHAR, $5::VARCHAR, $6::VARCHAR]) AND pg_catalog.pg_table_is_visible(pg_catalog.pg_class.oid) AND pg_catalog.pg_namespace.nspname != $7::VARCHAR
2026-03-30 20:29:49,586 - sqlalchemy.engine.Engine - INFO - [generated in 0.00090s] ('user_deletions', 'r', 'p', 'f', 'v', 'm', 'pg_catalog')
2026-03-30 20:29:49,594 - sqlalchemy.engine.Engine - INFO - SELECT pg_catalog.pg_class.relname 
FROM pg_catalog.pg_class JOIN pg_catalog.pg_namespace ON pg_catalog.pg_namespace.oid = pg_catalog.pg_class.relnamespace 
WHERE pg_catalog.pg_class.relname = $1::VARCHAR AND pg_catalog.pg_class.relkind = ANY (ARRAY[$2::VARCHAR, $3::VARCHAR, $4::VARCHAR, $5::VARCHAR, $6::VARCHAR]) AND pg_catalog.pg_table_is_visible(pg_catalog.pg_class.oid) AND pg_catalog.pg_namespace.nspname != $7::VARCHAR
2026-03-30 20:29:49,595 - sqlalchemy.engine.Engine - INFO - [cached since 0.009303s ago] ('users', 'r', 'p', 'f', 'v', 'm', 'pg_catalog')
2026-03-30 20:29:49,598 - sqlalchemy.engine.Engine - INFO - SELECT pg_catalog.pg_class.relname 
FROM pg_catalog.pg_class JOIN pg_catalog.pg_namespace ON pg_catalog.pg_namespace.oid = pg_catalog.pg_class.relnamespace 
WHERE pg_catalog.pg_class.relname = $1::VARCHAR AND pg_catalog.pg_class.relkind = ANY (ARRAY[$2::VARCHAR, $3::VARCHAR, $4::VARCHAR, $5::VARCHAR, $6::VARCHAR]) AND pg_catalog.pg_table_is_visible(pg_catalog.pg_class.oid) AND pg_catalog.pg_namespace.nspname != $7::VARCHAR
2026-03-30 20:29:49,599 - sqlalchemy.engine.Engine - INFO - [cached since 0.01343s ago] ('posts', 'r', 'p', 'f', 'v', 'm', 'pg_catalog')
2026-03-30 20:29:49,600 - sqlalchemy.engine.Engine - INFO - SELECT pg_catalog.pg_class.relname 
FROM pg_catalog.pg_class JOIN pg_catalog.pg_namespace ON pg_catalog.pg_namespace.oid = pg_catalog.pg_class.relnamespace 
WHERE pg_catalog.pg_class.relname = $1::VARCHAR AND pg_catalog.pg_class.relkind = ANY (ARRAY[$2::VARCHAR, $3::VARCHAR, $4::VARCHAR, $5::VARCHAR, $6::VARCHAR]) AND pg_catalog.pg_table_is_visible(pg_catalog.pg_class.oid) AND pg_catalog.pg_namespace.nspname != $7::VARCHAR
2026-03-30 20:29:49,600 - sqlalchemy.engine.Engine - INFO - [cached since 0.01643s ago] ('comments', 'r', 'p', 'f', 'v', 'm', 'pg_catalog')
2026-03-30 20:29:49,600 - sqlalchemy.engine.Engine - INFO - SELECT pg_catalog.pg_class.relname 
FROM pg_catalog.pg_class JOIN pg_catalog.pg_namespace ON pg_catalog.pg_namespace.oid = pg_catalog.pg_class.relnamespace 
WHERE pg_catalog.pg_class.relname = $1::VARCHAR AND pg_catalog.pg_class.relkind = ANY (ARRAY[$2::VARCHAR, $3::VARCHAR, $4::VARCHAR, $5::VARCHAR, $6::VARCHAR]) AND pg_catalog.pg_table_is_visible(pg_catalog.pg_class.oid) AND pg_catalog.pg_namespace.nspname != $7::VARCHAR
2026-03-30 20:29:49,600 - sqlalchemy.engine.Engine - INFO - [cached since 0.01931s ago] ('refresh_tokens', 'r', 'p', 'f', 'v', 'm', 'pg_catalog')
2026-03-30 20:29:49,607 - sqlalchemy.engine.Engine - INFO - SELECT pg_catalog.pg_class.relname 
FROM pg_catalog.pg_class JOIN pg_catalog.pg_namespace ON pg_catalog.pg_namespace.oid = pg_catalog.pg_class.relnamespace 
WHERE pg_catalog.pg_class.relname = $1::VARCHAR AND pg_catalog.pg_class.relkind = ANY (ARRAY[$2::VARCHAR, $3::VARCHAR, $4::VARCHAR, $5::VARCHAR, $6::VARCHAR]) AND pg_catalog.pg_table_is_visible(pg_catalog.pg_class.oid) AND pg_catalog.pg_namespace.nspname != $7::VARCHAR
2026-03-30 20:29:49,607 - sqlalchemy.engine.Engine - INFO - [cached since 0.02221s ago] ('account_recovery_token', 'r', 'p', 'f', 'v', 'm', 'pg_catalog')
2026-03-30 20:29:49,611 - sqlalchemy.engine.Engine - INFO - COMMIT
2026-03-30 20:29:49,614 - sqlalchemy.engine.Engine - INFO - BEGIN (implicit)
2026-03-30 20:29:49,633 - sqlalchemy.engine.Engine - INFO - SELECT users.id, users.first_name, users.last_name, users.username, users.email, users.password, users.role, users.is_deleted 
FROM users 
WHERE users.role = $1::VARCHAR 
 LIMIT $2::INTEGER
2026-03-30 20:29:49,634 - sqlalchemy.engine.Engine - INFO - [generated in 0.00065s] ('admin', 1)
2026-03-30 20:29:49,642 - sqlalchemy.engine.Engine - INFO - ROLLBACK
2026-03-30 20:29:49,719 - app.config.set_main - INFO - Redis connected (Upstash REST)
2026-03-30 20:30:19,438 - sqlalchemy.engine.Engine - INFO - select pg_catalog.version()
2026-03-30 20:30:19,438 - sqlalchemy.engine.Engine - INFO - [raw sql] ()
2026-03-30 20:30:19,445 - sqlalchemy.engine.Engine - INFO - select current_schema()
2026-03-30 20:30:19,445 - sqlalchemy.engine.Engine - INFO - [raw sql] ()
2026-03-30 20:30:19,452 - sqlalchemy.engine.Engine - INFO - show standard_conforming_strings
2026-03-30 20:30:19,452 - sqlalchemy.engine.Engine - INFO - [raw sql] ()
2026-03-30 20:30:19,467 - sqlalchemy.engine.Engine - INFO - BEGIN (implicit)
2026-03-30 20:30:19,516 - sqlalchemy.engine.Engine - INFO - SELECT pg_catalog.pg_class.relname 
FROM pg_catalog.pg_class JOIN pg_catalog.pg_namespace ON pg_catalog.pg_namespace.oid = pg_catalog.pg_class.relnamespace 
WHERE pg_catalog.pg_class.relname = $1::VARCHAR AND pg_catalog.pg_class.relkind = ANY (ARRAY[$2::VARCHAR, $3::VARCHAR, $4::VARCHAR, $5::VARCHAR, $6::VARCHAR]) AND pg_catalog.pg_table_is_visible(pg_catalog.pg_class.oid) AND pg_catalog.pg_namespace.nspname != $7::VARCHAR
2026-03-30 20:30:19,523 - sqlalchemy.engine.Engine - INFO - [generated in 0.00670s] ('user_deletions', 'r', 'p', 'f', 'v', 'm', 'pg_catalog')
2026-03-30 20:30:19,533 - sqlalchemy.engine.Engine - INFO - SELECT pg_catalog.pg_class.relname 
FROM pg_catalog.pg_class JOIN pg_catalog.pg_namespace ON pg_catalog.pg_namespace.oid = pg_catalog.pg_class.relnamespace 
WHERE pg_catalog.pg_class.relname = $1::VARCHAR AND pg_catalog.pg_class.relkind = ANY (ARRAY[$2::VARCHAR, $3::VARCHAR, $4::VARCHAR, $5::VARCHAR, $6::VARCHAR]) AND pg_catalog.pg_table_is_visible(pg_catalog.pg_class.oid) AND pg_catalog.pg_namespace.nspname != $7::VARCHAR
2026-03-30 20:30:19,533 - sqlalchemy.engine.Engine - INFO - [cached since 0.01603s ago] ('users', 'r', 'p', 'f', 'v', 'm', 'pg_catalog')
2026-03-30 20:30:19,536 - sqlalchemy.engine.Engine - INFO - SELECT pg_catalog.pg_class.relname 
FROM pg_catalog.pg_class JOIN pg_catalog.pg_namespace ON pg_catalog.pg_namespace.oid = pg_catalog.pg_class.relnamespace 
WHERE pg_catalog.pg_class.relname = $1::VARCHAR AND pg_catalog.pg_class.relkind = ANY (ARRAY[$2::VARCHAR, $3::VARCHAR, $4::VARCHAR, $5::VARCHAR, $6::VARCHAR]) AND pg_catalog.pg_table_is_visible(pg_catalog.pg_class.oid) AND pg_catalog.pg_namespace.nspname != $7::VARCHAR
2026-03-30 20:30:19,537 - sqlalchemy.engine.Engine - INFO - [cached since 0.02021s ago] ('posts', 'r', 'p', 'f', 'v', 'm', 'pg_catalog')
2026-03-30 20:30:19,540 - sqlalchemy.engine.Engine - INFO - SELECT pg_catalog.pg_class.relname 
FROM pg_catalog.pg_class JOIN pg_catalog.pg_namespace ON pg_catalog.pg_namespace.oid = pg_catalog.pg_class.relnamespace 
WHERE pg_catalog.pg_class.relname = $1::VARCHAR AND pg_catalog.pg_class.relkind = ANY (ARRAY[$2::VARCHAR, $3::VARCHAR, $4::VARCHAR, $5::VARCHAR, $6::VARCHAR]) AND pg_catalog.pg_table_is_visible(pg_catalog.pg_class.oid) AND pg_catalog.pg_namespace.nspname != $7::VARCHAR
2026-03-30 20:30:19,540 - sqlalchemy.engine.Engine - INFO - [cached since 0.02388s ago] ('comments', 'r', 'p', 'f', 'v', 'm', 'pg_catalog')
2026-03-30 20:30:19,542 - sqlalchemy.engine.Engine - INFO - SELECT pg_catalog.pg_class.relname 
FROM pg_catalog.pg_class JOIN pg_catalog.pg_namespace ON pg_catalog.pg_namespace.oid = pg_catalog.pg_class.relnamespace 
WHERE pg_catalog.pg_class.relname = $1::VARCHAR AND pg_catalog.pg_class.relkind = ANY (ARRAY[$2::VARCHAR, $3::VARCHAR, $4::VARCHAR, $5::VARCHAR, $6::VARCHAR]) AND pg_catalog.pg_table_is_visible(pg_catalog.pg_class.oid) AND pg_catalog.pg_namespace.nspname != $7::VARCHAR
2026-03-30 20:30:19,542 - sqlalchemy.engine.Engine - INFO - [cached since 0.02674s ago] ('refresh_tokens', 'r', 'p', 'f', 'v', 'm', 'pg_catalog')
2026-03-30 20:30:19,546 - sqlalchemy.engine.Engine - INFO - SELECT pg_catalog.pg_class.relname 
FROM pg_catalog.pg_class JOIN pg_catalog.pg_namespace ON pg_catalog.pg_namespace.oid = pg_catalog.pg_class.relnamespace 
WHERE pg_catalog.pg_class.relname = $1::VARCHAR AND pg_catalog.pg_class.relkind = ANY (ARRAY[$2::VARCHAR, $3::VARCHAR, $4::VARCHAR, $5::VARCHAR, $6::VARCHAR]) AND pg_catalog.pg_table_is_visible(pg_catalog.pg_class.oid) AND pg_catalog.pg_namespace.nspname != $7::VARCHAR
2026-03-30 20:30:19,547 - sqlalchemy.engine.Engine - INFO - [cached since 0.02991s ago] ('account_recovery_token', 'r', 'p', 'f', 'v', 'm', 'pg_catalog')
2026-03-30 20:30:19,550 - sqlalchemy.engine.Engine - INFO - COMMIT
2026-03-30 20:30:19,552 - sqlalchemy.engine.Engine - INFO - BEGIN (implicit)
2026-03-30 20:30:19,574 - sqlalchemy.engine.Engine - INFO - SELECT users.id, users.first_name, users.last_name, users.username, users.email, users.password, users.role, users.is_deleted 
FROM users 
WHERE users.role = $1::VARCHAR 
 LIMIT $2::INTEGER
2026-03-30 20:30:19,575 - sqlalchemy.engine.Engine - INFO - [generated in 0.00073s] ('admin', 1)
2026-03-30 20:30:19,581 - sqlalchemy.engine.Engine - INFO - ROLLBACK
2026-03-30 20:30:19,655 - app.config.set_main - INFO - Redis connected (Upstash REST)
2026-03-30 20:30:22,611 - sqlalchemy.engine.Engine - INFO - select pg_catalog.version()
2026-03-30 20:30:22,611 - sqlalchemy.engine.Engine - INFO - [raw sql] ()
2026-03-30 20:30:22,616 - sqlalchemy.engine.Engine - INFO - select current_schema()
2026-03-30 20:30:22,616 - sqlalchemy.engine.Engine - INFO - [raw sql] ()
2026-03-30 20:30:22,626 - sqlalchemy.engine.Engine - INFO - show standard_conforming_strings
2026-03-30 20:30:22,629 - sqlalchemy.engine.Engine - INFO - [raw sql] ()
2026-03-30 20:30:22,635 - sqlalchemy.engine.Engine - INFO - BEGIN (implicit)
2026-03-30 20:30:22,660 - sqlalchemy.engine.Engine - INFO - SELECT pg_catalog.pg_class.relname 
FROM pg_catalog.pg_class JOIN pg_catalog.pg_namespace ON pg_catalog.pg_namespace.oid = pg_catalog.pg_class.relnamespace 
WHERE pg_catalog.pg_class.relname = $1::VARCHAR AND pg_catalog.pg_class.relkind = ANY (ARRAY[$2::VARCHAR, $3::VARCHAR, $4::VARCHAR, $5::VARCHAR, $6::VARCHAR]) AND pg_catalog.pg_table_is_visible(pg_catalog.pg_class.oid) AND pg_catalog.pg_namespace.nspname != $7::VARCHAR
2026-03-30 20:30:22,661 - sqlalchemy.engine.Engine - INFO - [generated in 0.00139s] ('user_deletions', 'r', 'p', 'f', 'v', 'm', 'pg_catalog')
2026-03-30 20:30:22,672 - sqlalchemy.engine.Engine - INFO - SELECT pg_catalog.pg_class.relname 
FROM pg_catalog.pg_class JOIN pg_catalog.pg_namespace ON pg_catalog.pg_namespace.oid = pg_catalog.pg_class.relnamespace 
WHERE pg_catalog.pg_class.relname = $1::VARCHAR AND pg_catalog.pg_class.relkind = ANY (ARRAY[$2::VARCHAR, $3::VARCHAR, $4::VARCHAR, $5::VARCHAR, $6::VARCHAR]) AND pg_catalog.pg_table_is_visible(pg_catalog.pg_class.oid) AND pg_catalog.pg_namespace.nspname != $7::VARCHAR
2026-03-30 20:30:22,672 - sqlalchemy.engine.Engine - INFO - [cached since 0.01192s ago] ('users', 'r', 'p', 'f', 'v', 'm', 'pg_catalog')
2026-03-30 20:30:22,676 - sqlalchemy.engine.Engine - INFO - SELECT pg_catalog.pg_class.relname 
FROM pg_catalog.pg_class JOIN pg_catalog.pg_namespace ON pg_catalog.pg_namespace.oid = pg_catalog.pg_class.relnamespace 
WHERE pg_catalog.pg_class.relname = $1::VARCHAR AND pg_catalog.pg_class.relkind = ANY (ARRAY[$2::VARCHAR, $3::VARCHAR, $4::VARCHAR, $5::VARCHAR, $6::VARCHAR]) AND pg_catalog.pg_table_is_visible(pg_catalog.pg_class.oid) AND pg_catalog.pg_namespace.nspname != $7::VARCHAR
2026-03-30 20:30:22,676 - sqlalchemy.engine.Engine - INFO - [cached since 0.01628s ago] ('posts', 'r', 'p', 'f', 'v', 'm', 'pg_catalog')
2026-03-30 20:30:22,679 - sqlalchemy.engine.Engine - INFO - SELECT pg_catalog.pg_class.relname 
FROM pg_catalog.pg_class JOIN pg_catalog.pg_namespace ON pg_catalog.pg_namespace.oid = pg_catalog.pg_class.relnamespace 
WHERE pg_catalog.pg_class.relname = $1::VARCHAR AND pg_catalog.pg_class.relkind = ANY (ARRAY[$2::VARCHAR, $3::VARCHAR, $4::VARCHAR, $5::VARCHAR, $6::VARCHAR]) AND pg_catalog.pg_table_is_visible(pg_catalog.pg_class.oid) AND pg_catalog.pg_namespace.nspname != $7::VARCHAR
2026-03-30 20:30:22,680 - sqlalchemy.engine.Engine - INFO - [cached since 0.02037s ago] ('comments', 'r', 'p', 'f', 'v', 'm', 'pg_catalog')
2026-03-30 20:30:22,683 - sqlalchemy.engine.Engine - INFO - SELECT pg_catalog.pg_class.relname 
FROM pg_catalog.pg_class JOIN pg_catalog.pg_namespace ON pg_catalog.pg_namespace.oid = pg_catalog.pg_class.relnamespace 
WHERE pg_catalog.pg_class.relname = $1::VARCHAR AND pg_catalog.pg_class.relkind = ANY (ARRAY[$2::VARCHAR, $3::VARCHAR, $4::VARCHAR, $5::VARCHAR, $6::VARCHAR]) AND pg_catalog.pg_table_is_visible(pg_catalog.pg_class.oid) AND pg_catalog.pg_namespace.nspname != $7::VARCHAR
2026-03-30 20:30:22,685 - sqlalchemy.engine.Engine - INFO - [cached since 0.02464s ago] ('refresh_tokens', 'r', 'p', 'f', 'v', 'm', 'pg_catalog')
2026-03-30 20:30:22,687 - sqlalchemy.engine.Engine - INFO - SELECT pg_catalog.pg_class.relname 
FROM pg_catalog.pg_class JOIN pg_catalog.pg_namespace ON pg_catalog.pg_namespace.oid = pg_catalog.pg_class.relnamespace 
WHERE pg_catalog.pg_class.relname = $1::VARCHAR AND pg_catalog.pg_class.relkind = ANY (ARRAY[$2::VARCHAR, $3::VARCHAR, $4::VARCHAR, $5::VARCHAR, $6::VARCHAR]) AND pg_catalog.pg_table_is_visible(pg_catalog.pg_class.oid) AND pg_catalog.pg_namespace.nspname != $7::VARCHAR
2026-03-30 20:30:22,687 - sqlalchemy.engine.Engine - INFO - [cached since 0.02847s ago] ('account_recovery_token', 'r', 'p', 'f', 'v', 'm', 'pg_catalog')
2026-03-30 20:30:22,692 - sqlalchemy.engine.Engine - INFO - COMMIT
2026-03-30 20:30:22,695 - sqlalchemy.engine.Engine - INFO - BEGIN (implicit)
2026-03-30 20:30:22,772 - sqlalchemy.engine.Engine - INFO - SELECT users.id, users.first_name, users.last_name, users.username, users.email, users.password, users.role, users.is_deleted 
FROM users 
WHERE users.role = $1::VARCHAR 
 LIMIT $2::INTEGER
2026-03-30 20:30:22,772 - sqlalchemy.engine.Engine - INFO - [generated in 0.00078s] ('admin', 1)
2026-03-30 20:30:22,781 - sqlalchemy.engine.Engine - INFO - ROLLBACK
2026-03-30 20:30:22,868 - app.config.set_main - INFO - Redis connected (Upstash REST)
2026-03-30 20:31:24,875 - sqlalchemy.engine.Engine - INFO - select pg_catalog.version()
2026-03-30 20:31:24,881 - sqlalchemy.engine.Engine - INFO - [raw sql] ()
2026-03-30 20:31:24,885 - sqlalchemy.engine.Engine - INFO - select current_schema()
2026-03-30 20:31:24,885 - sqlalchemy.engine.Engine - INFO - [raw sql] ()
2026-03-30 20:31:24,892 - sqlalchemy.engine.Engine - INFO - show standard_conforming_strings
2026-03-30 20:31:24,893 - sqlalchemy.engine.Engine - INFO - [raw sql] ()
2026-03-30 20:31:24,897 - sqlalchemy.engine.Engine - INFO - BEGIN (implicit)
2026-03-30 20:31:24,909 - sqlalchemy.engine.Engine - INFO - SELECT pg_catalog.pg_class.relname 
FROM pg_catalog.pg_class JOIN pg_catalog.pg_namespace ON pg_catalog.pg_namespace.oid = pg_catalog.pg_class.relnamespace 
WHERE pg_catalog.pg_class.relname = $1::VARCHAR AND pg_catalog.pg_class.relkind = ANY (ARRAY[$2::VARCHAR, $3::VARCHAR, $4::VARCHAR, $5::VARCHAR, $6::VARCHAR]) AND pg_catalog.pg_table_is_visible(pg_catalog.pg_class.oid) AND pg_catalog.pg_namespace.nspname != $7::VARCHAR
2026-03-30 20:31:24,909 - sqlalchemy.engine.Engine - INFO - [generated in 0.00071s] ('user_deletions', 'r', 'p', 'f', 'v', 'm', 'pg_catalog')
2026-03-30 20:31:24,917 - sqlalchemy.engine.Engine - INFO - SELECT pg_catalog.pg_class.relname 
FROM pg_catalog.pg_class JOIN pg_catalog.pg_namespace ON pg_catalog.pg_namespace.oid = pg_catalog.pg_class.relnamespace 
WHERE pg_catalog.pg_class.relname = $1::VARCHAR AND pg_catalog.pg_class.relkind = ANY (ARRAY[$2::VARCHAR, $3::VARCHAR, $4::VARCHAR, $5::VARCHAR, $6::VARCHAR]) AND pg_catalog.pg_table_is_visible(pg_catalog.pg_class.oid) AND pg_catalog.pg_namespace.nspname != $7::VARCHAR
2026-03-30 20:31:24,917 - sqlalchemy.engine.Engine - INFO - [cached since 0.008272s ago] ('users', 'r', 'p', 'f', 'v', 'm', 'pg_catalog')
2026-03-30 20:31:24,921 - sqlalchemy.engine.Engine - INFO - SELECT pg_catalog.pg_class.relname 
FROM pg_catalog.pg_class JOIN pg_catalog.pg_namespace ON pg_catalog.pg_namespace.oid = pg_catalog.pg_class.relnamespace 
WHERE pg_catalog.pg_class.relname = $1::VARCHAR AND pg_catalog.pg_class.relkind = ANY (ARRAY[$2::VARCHAR, $3::VARCHAR, $4::VARCHAR, $5::VARCHAR, $6::VARCHAR]) AND pg_catalog.pg_table_is_visible(pg_catalog.pg_class.oid) AND pg_catalog.pg_namespace.nspname != $7::VARCHAR
2026-03-30 20:31:24,921 - sqlalchemy.engine.Engine - INFO - [cached since 0.01124s ago] ('posts', 'r', 'p', 'f', 'v', 'm', 'pg_catalog')
2026-03-30 20:31:24,924 - sqlalchemy.engine.Engine - INFO - SELECT pg_catalog.pg_class.relname 
FROM pg_catalog.pg_class JOIN pg_catalog.pg_namespace ON pg_catalog.pg_namespace.oid = pg_catalog.pg_class.relnamespace 
WHERE pg_catalog.pg_class.relname = $1::VARCHAR AND pg_catalog.pg_class.relkind = ANY (ARRAY[$2::VARCHAR, $3::VARCHAR, $4::VARCHAR, $5::VARCHAR, $6::VARCHAR]) AND pg_catalog.pg_table_is_visible(pg_catalog.pg_class.oid) AND pg_catalog.pg_namespace.nspname != $7::VARCHAR
2026-03-30 20:31:24,924 - sqlalchemy.engine.Engine - INFO - [cached since 0.01477s ago] ('comments', 'r', 'p', 'f', 'v', 'm', 'pg_catalog')
2026-03-30 20:31:24,926 - sqlalchemy.engine.Engine - INFO - SELECT pg_catalog.pg_class.relname 
FROM pg_catalog.pg_class JOIN pg_catalog.pg_namespace ON pg_catalog.pg_namespace.oid = pg_catalog.pg_class.relnamespace 
WHERE pg_catalog.pg_class.relname = $1::VARCHAR AND pg_catalog.pg_class.relkind = ANY (ARRAY[$2::VARCHAR, $3::VARCHAR, $4::VARCHAR, $5::VARCHAR, $6::VARCHAR]) AND pg_catalog.pg_table_is_visible(pg_catalog.pg_class.oid) AND pg_catalog.pg_namespace.nspname != $7::VARCHAR
2026-03-30 20:31:24,926 - sqlalchemy.engine.Engine - INFO - [cached since 0.01816s ago] ('refresh_tokens', 'r', 'p', 'f', 'v', 'm', 'pg_catalog')
2026-03-30 20:31:24,926 - sqlalchemy.engine.Engine - INFO - SELECT pg_catalog.pg_class.relname 
FROM pg_catalog.pg_class JOIN pg_catalog.pg_namespace ON pg_catalog.pg_namespace.oid = pg_catalog.pg_class.relnamespace 
WHERE pg_catalog.pg_class.relname = $1::VARCHAR AND pg_catalog.pg_class.relkind = ANY (ARRAY[$2::VARCHAR, $3::VARCHAR, $4::VARCHAR, $5::VARCHAR, $6::VARCHAR]) AND pg_catalog.pg_table_is_visible(pg_catalog.pg_class.oid) AND pg_catalog.pg_namespace.nspname != $7::VARCHAR
2026-03-30 20:31:24,926 - sqlalchemy.engine.Engine - INFO - [cached since 0.02127s ago] ('account_recovery_token', 'r', 'p', 'f', 'v', 'm', 'pg_catalog')
2026-03-30 20:31:24,934 - sqlalchemy.engine.Engine - INFO - COMMIT
2026-03-30 20:31:24,937 - sqlalchemy.engine.Engine - INFO - BEGIN (implicit)
2026-03-30 20:31:24,950 - sqlalchemy.engine.Engine - INFO - SELECT users.id, users.first_name, users.last_name, users.username, users.email, users.password, users.role, users.is_deleted 
FROM users 
WHERE users.role = $1::VARCHAR 
 LIMIT $2::INTEGER
2026-03-30 20:31:24,955 - sqlalchemy.engine.Engine - INFO - [generated in 0.00083s] ('admin', 1)
2026-03-30 20:31:24,960 - sqlalchemy.engine.Engine - INFO - ROLLBACK
2026-03-30 20:31:25,032 - app.config.set_main - INFO - Redis connected (Upstash REST)
2026-03-30 20:32:48,586 - app.services.user - INFO - Login attempt: charellemanacob
2026-03-30 20:32:48,588 - sqlalchemy.engine.Engine - INFO - BEGIN (implicit)
2026-03-30 20:32:48,592 - sqlalchemy.engine.Engine - INFO - SELECT users.id, users.first_name, users.last_name, users.username, users.email, users.password, users.role, users.is_deleted 
FROM users 
WHERE users.username = $1::VARCHAR AND users.is_deleted IS false
2026-03-30 20:32:48,592 - sqlalchemy.engine.Engine - INFO - [generated in 0.00074s] ('charellemanacob',)
2026-03-30 20:32:48,693 - app.services.user - INFO - Login successful: charellemanacob (user_id: a879ab3f-4a23-4f3c-bca9-6928326eaa50)
2026-03-30 20:32:48,695 - sqlalchemy.engine.Engine - INFO - COMMIT
2026-03-30 20:33:04,566 - sqlalchemy.engine.Engine - INFO - BEGIN (implicit)
2026-03-30 20:33:04,568 - sqlalchemy.engine.Engine - INFO - SELECT users.id, users.first_name, users.last_name, users.username, users.email, users.password, users.role, users.is_deleted 
FROM users 
WHERE users.id = $1::UUID AND users.is_deleted IS false
2026-03-30 20:33:04,569 - sqlalchemy.engine.Engine - INFO - [generated in 0.00103s] (UUID('a879ab3f-4a23-4f3c-bca9-6928326eaa50'),)
2026-03-30 20:33:04,583 - app.services.user - INFO - Account deletion attempt: charellemanacob
2026-03-30 20:33:04,789 - sqlalchemy.engine.Engine - INFO - SELECT user_deletions.id AS user_deletions_id, user_deletions.user_id AS user_deletions_user_id, user_deletions.username AS user_deletions_username, user_deletions.reason AS user_deletions_reason, user_deletions.deleted_at AS user_deletions_deleted_at, user_deletions.deleted_by AS user_deletions_deleted_by 
FROM user_deletions 
WHERE $1::UUID = user_deletions.user_id
2026-03-30 20:33:04,791 - sqlalchemy.engine.Engine - INFO - [generated in 0.00246s] (UUID('a879ab3f-4a23-4f3c-bca9-6928326eaa50'),)
2026-03-30 20:33:04,817 - sqlalchemy.engine.Engine - INFO - UPDATE users SET is_deleted=$1::BOOLEAN WHERE users.id = $2::UUID
2026-03-30 20:33:04,823 - sqlalchemy.engine.Engine - INFO - [generated in 0.00605s] (True, UUID('a879ab3f-4a23-4f3c-bca9-6928326eaa50'))
2026-03-30 20:33:04,862 - sqlalchemy.engine.Engine - INFO - INSERT INTO user_deletions (id, user_id, username, reason, deleted_at, deleted_by) VALUES ($1::UUID, $2::UUID, $3::VARCHAR, $4::VARCHAR, $5::TIMESTAMP WITH TIME ZONE, $6::UUID)
2026-03-30 20:33:04,863 - sqlalchemy.engine.Engine - INFO - [generated in 0.00178s] (UUID('e3e81fde-dacc-4bd3-8f3c-e5b0721dbd98'), UUID('a879ab3f-4a23-4f3c-bca9-6928326eaa50'), 'charellemanacob', 'breakup', datetime.datetime(2026, 3, 30, 12, 33, 4, 861022, tzinfo=datetime.timezone.utc), UUID('a879ab3f-4a23-4f3c-bca9-6928326eaa50'))
2026-03-30 20:33:04,895 - app.services.user - INFO - Account deleted: charellemanacob, reason: breakup
2026-03-30 20:33:04,896 - sqlalchemy.engine.Engine - INFO - COMMIT
2026-03-30 20:33:07,317 - sqlalchemy.engine.Engine - INFO - BEGIN (implicit)
2026-03-30 20:33:07,319 - sqlalchemy.engine.Engine - INFO - SELECT users.id, users.first_name, users.last_name, users.username, users.email, users.password, users.role, users.is_deleted 
FROM users 
WHERE users.id = $1::UUID AND users.is_deleted IS false
2026-03-30 20:33:07,319 - sqlalchemy.engine.Engine - INFO - [cached since 2.75s ago] (UUID('a879ab3f-4a23-4f3c-bca9-6928326eaa50'),)
2026-03-30 20:33:07,324 - sqlalchemy.engine.Engine - INFO - ROLLBACK
